<?xml version="1.0" encoding="UTF-8"?>
<!-- Generated by org.testng.reporters.JUnitReportReporter -->
<testsuite name="MasterNG.Runner" tests="1" time="47.831" ignored="0" failures="0" timestamp="30 Aug 2019 07:02:45 GMT" skipped="0" hostname="hepcbe79" errors="0">
  <testcase name="login" time="47.831" classname="MasterNG.Runner"/>
</testsuite> <!-- MasterNG.Runner -->
